# JRE version: OpenJDK Runtime Environment (8.0_242-b01) (build 1.8.0_242-release-1644-b01)
# Java VM: OpenJDK 64-Bit Server VM (25.242-b01 mixed mode windows-amd64 compressed oops)
Heap:
 PSYoungGen      total 224256K, used 37348K [0x00000000d5580000, 0x00000000e7700000, 0x0000000100000000)
  eden space 178176K, 20% used [0x00000000d5580000,0x00000000d79f9280,0x00000000e0380000)
  from space 46080K, 0% used [0x00000000e0380000,0x00000000e0380000,0x00000000e3080000)
  to   space 47104K, 0% used [0x00000000e4900000,0x00000000e4900000,0x00000000e7700000)
 ParOldGen       total 227328K, used 64353K [0x0000000080000000, 0x000000008de00000, 0x00000000d5580000)
  object space 227328K, 28% used [0x0000000080000000,0x0000000083ed85d0,0x000000008de00000)
 Metaspace       used 96830K, capacity 101308K, committed 101504K, reserved 1136640K
  class space    used 12667K, capacity 13628K, committed 13696K, reserved 1048576K
GC Heap History (10 events):
Event: 651.669 GC heap before
{Heap before GC invocations=19 (full 3):
 PSYoungGen      total 186880K, used 186877K [0x00000000d5580000, 0x00000000e4580000, 0x0000000100000000)
  eden space 163840K, 100% used [0x00000000d5580000,0x00000000df580000,0x00000000df580000)
  from space 23040K, 99% used [0x00000000df580000,0x00000000e0bff4a0,0x00000000e0c00000)
  to   space 28672K, 0% used [0x00000000e2980000,0x00000000e2980000,0x00000000e4580000)
 ParOldGen       total 152576K, used 43225K [0x0000000080000000, 0x0000000089500000, 0x00000000d5580000)
  object space 152576K, 28% used [0x0000000080000000,0x0000000082a36618,0x0000000089500000)
 Metaspace       used 82485K, capacity 86628K, committed 86784K, reserved 1124352K
  class space    used 11033K, capacity 11957K, committed 12032K, reserved 1048576K
Event: 651.732 GC heap after
Heap after GC invocations=19 (full 3):
 PSYoungGen      total 187904K, used 28661K [0x00000000d5580000, 0x00000000e4580000, 0x0000000100000000)
  eden space 159232K, 0% used [0x00000000d5580000,0x00000000d5580000,0x00000000df100000)
  from space 28672K, 99% used [0x00000000e2980000,0x00000000e457d590,0x00000000e4580000)
  to   space 33792K, 0% used [0x00000000e0380000,0x00000000e0380000,0x00000000e2480000)
 ParOldGen       total 152576K, used 46015K [0x0000000080000000, 0x0000000089500000, 0x00000000d5580000)
  object space 152576K, 30% used [0x0000000080000000,0x0000000082cefd78,0x0000000089500000)
 Metaspace       used 82485K, capacity 86628K, committed 86784K, reserved 1124352K
  class space    used 11033K, capacity 11957K, committed 12032K, reserved 1048576K
}
Event: 657.129 GC heap before
{Heap before GC invocations=20 (full 3):
 PSYoungGen      total 187904K, used 187893K [0x00000000d5580000, 0x00000000e4580000, 0x0000000100000000)
  eden space 159232K, 100% used [0x00000000d5580000,0x00000000df100000,0x00000000df100000)
  from space 28672K, 99% used [0x00000000e2980000,0x00000000e457d590,0x00000000e4580000)
  to   space 33792K, 0% used [0x00000000e0380000,0x00000000e0380000,0x00000000e2480000)
 ParOldGen       total 152576K, used 46015K [0x0000000080000000, 0x0000000089500000, 0x00000000d5580000)
  object space 152576K, 30% used [0x0000000080000000,0x0000000082cefd78,0x0000000089500000)
 Metaspace       used 85786K, capacity 90068K, committed 90112K, reserved 1126400K
  class space    used 11352K, capacity 12265K, committed 12288K, reserved 1048576K
Event: 657.284 GC heap after
Heap after GC invocations=20 (full 3):
 PSYoungGen      total 211968K, used 33790K [0x00000000d5580000, 0x00000000e5c80000, 0x0000000100000000)
  eden space 178176K, 0% used [0x00000000d5580000,0x00000000d5580000,0x00000000e0380000)
  from space 33792K, 99% used [0x00000000e0380000,0x00000000e247fa08,0x00000000e2480000)
  to   space 45056K, 0% used [0x00000000e3080000,0x00000000e3080000,0x00000000e5c80000)
 ParOldGen       total 152576K, used 61489K [0x0000000080000000, 0x0000000089500000, 0x00000000d5580000)
  object space 152576K, 40% used [0x0000000080000000,0x0000000083c0c420,0x0000000089500000)
 Metaspace       used 85786K, capacity 90068K, committed 90112K, reserved 1126400K
  class space    used 11352K, capacity 12265K, committed 12288K, reserved 1048576K
}
Event: 664.467 GC heap before
{Heap before GC invocations=21 (full 3):
 PSYoungGen      total 211968K, used 211966K [0x00000000d5580000, 0x00000000e5c80000, 0x0000000100000000)
  eden space 178176K, 100% used [0x00000000d5580000,0x00000000e0380000,0x00000000e0380000)
  from space 33792K, 99% used [0x00000000e0380000,0x00000000e247fa08,0x00000000e2480000)
  to   space 45056K, 0% used [0x00000000e3080000,0x00000000e3080000,0x00000000e5c80000)
 ParOldGen       total 152576K, used 61489K [0x0000000080000000, 0x0000000089500000, 0x00000000d5580000)
  object space 152576K, 40% used [0x0000000080000000,0x0000000083c0c420,0x0000000089500000)
 Metaspace       used 90118K, capacity 94642K, committed 94848K, reserved 1130496K
  class space    used 11897K, capacity 12838K, committed 12928K, reserved 1048576K
Event: 664.550 GC heap after
Heap after GC invocations=21 (full 3):
 PSYoungGen      total 223232K, used 28685K [0x00000000d5580000, 0x00000000e7300000, 0x0000000100000000)
  eden space 178176K, 0% used [0x00000000d5580000,0x00000000d5580000,0x00000000e0380000)
  from space 45056K, 63% used [0x00000000e3080000,0x00000000e4c834b0,0x00000000e5c80000)
  to   space 46080K, 0% used [0x00000000e0380000,0x00000000e0380000,0x00000000e3080000)
 ParOldGen       total 152576K, used 75528K [0x0000000080000000, 0x0000000089500000, 0x00000000d5580000)
  object space 152576K, 49% used [0x0000000080000000,0x00000000849c2258,0x0000000089500000)
 Metaspace       used 90118K, capacity 94642K, committed 94848K, reserved 1130496K
  class space    used 11897K, capacity 12838K, committed 12928K, reserved 1048576K
}
Event: 666.391 GC heap before
{Heap before GC invocations=22 (full 3):
 PSYoungGen      total 223232K, used 132831K [0x00000000d5580000, 0x00000000e7300000, 0x0000000100000000)
  eden space 178176K, 58% used [0x00000000d5580000,0x00000000dbb34b18,0x00000000e0380000)
  from space 45056K, 63% used [0x00000000e3080000,0x00000000e4c834b0,0x00000000e5c80000)
  to   space 46080K, 0% used [0x00000000e0380000,0x00000000e0380000,0x00000000e3080000)
 ParOldGen       total 152576K, used 75528K [0x0000000080000000, 0x0000000089500000, 0x00000000d5580000)
  object space 152576K, 49% used [0x0000000080000000,0x00000000849c2258,0x0000000089500000)
 Metaspace       used 93899K, capacity 98398K, committed 98496K, reserved 1134592K
  class space    used 12407K, capacity 13351K, committed 13440K, reserved 1048576K
Event: 666.425 GC heap after
Heap after GC invocations=22 (full 3):
 PSYoungGen      total 224256K, used 28591K [0x00000000d5580000, 0x00000000e7700000, 0x0000000100000000)
  eden space 178176K, 0% used [0x00000000d5580000,0x00000000d5580000,0x00000000e0380000)
  from space 46080K, 62% used [0x00000000e0380000,0x00000000e1f6bda0,0x00000000e3080000)
  to   space 47104K, 0% used [0x00000000e4900000,0x00000000e4900000,0x00000000e7700000)
 ParOldGen       total 152576K, used 75528K [0x0000000080000000, 0x0000000089500000, 0x00000000d5580000)
  object space 152576K, 49% used [0x0000000080000000,0x00000000849c2258,0x0000000089500000)
 Metaspace       used 93899K, capacity 98398K, committed 98496K, reserved 1134592K
  class space    used 12407K, capacity 13351K, committed 13440K, reserved 1048576K
}
Event: 666.425 GC heap before
{Heap before GC invocations=23 (full 4):
 PSYoungGen      total 224256K, used 28591K [0x00000000d5580000, 0x00000000e7700000, 0x0000000100000000)
  eden space 178176K, 0% used [0x00000000d5580000,0x00000000d5580000,0x00000000e0380000)
  from space 46080K, 62% used [0x00000000e0380000,0x00000000e1f6bda0,0x00000000e3080000)
  to   space 47104K, 0% used [0x00000000e4900000,0x00000000e4900000,0x00000000e7700000)
 ParOldGen       total 152576K, used 75528K [0x0000000080000000, 0x0000000089500000, 0x00000000d5580000)
  object space 152576K, 49% used [0x0000000080000000,0x00000000849c2258,0x0000000089500000)
 Metaspace       used 93899K, capacity 98398K, committed 98496K, reserved 1134592K
  class space    used 12407K, capacity 13351K, committed 13440K, reserved 1048576K
Event: 666.861 GC heap after
Heap after GC invocations=23 (full 4):
 PSYoungGen      total 224256K, used 0K [0x00000000d5580000, 0x00000000e7700000, 0x0000000100000000)
  eden space 178176K, 0% used [0x00000000d5580000,0x00000000d5580000,0x00000000e0380000)
  from space 46080K, 0% used [0x00000000e0380000,0x00000000e0380000,0x00000000e3080000)
  to   space 47104K, 0% used [0x00000000e4900000,0x00000000e4900000,0x00000000e7700000)
 ParOldGen       total 227328K, used 64353K [0x0000000080000000, 0x000000008de00000, 0x00000000d5580000)
  object space 227328K, 28% used [0x0000000080000000,0x0000000083ed85d0,0x000000008de00000)
 Metaspace       used 93872K, capacity 98312K, committed 98496K, reserved 1134592K
  class space    used 12398K, capacity 13336K, committed 13440K, reserved 1048576K
}

