# JRE version: OpenJDK Runtime Environment (8.0_242-b01) (build 1.8.0_242-release-1644-b01)
# Java VM: OpenJDK 64-Bit Server VM (25.242-b01 mixed mode windows-amd64 compressed oops)
Heap:
 PSYoungGen      total 374784K, used 232449K [0x00000000d5580000, 0x00000000efb00000, 0x0000000100000000)
  eden space 345600K, 67% used [0x00000000d5580000,0x00000000e38806d0,0x00000000ea700000)
  from space 29184K, 0% used [0x00000000ede80000,0x00000000ede80000,0x00000000efb00000)
  to   space 43008K, 0% used [0x00000000ea700000,0x00000000ea700000,0x00000000ed100000)
 ParOldGen       total 185344K, used 65641K [0x0000000080000000, 0x000000008b500000, 0x00000000d5580000)
  object space 185344K, 35% used [0x0000000080000000,0x000000008401a750,0x000000008b500000)
 Metaspace       used 91685K, capacity 96322K, committed 97240K, reserved 1132544K
  class space    used 12099K, capacity 12947K, committed 13312K, reserved 1048576K
GC Heap History (10 events):
Event: 16.986 GC heap before
{Heap before GC invocations=16 (full 3):
 PSYoungGen      total 239104K, used 219648K [0x00000000d5580000, 0x00000000e5d00000, 0x0000000100000000)
  eden space 219648K, 100% used [0x00000000d5580000,0x00000000e2c00000,0x00000000e2c00000)
  from space 19456K, 0% used [0x00000000e3f80000,0x00000000e3f80000,0x00000000e5280000)
  to   space 19968K, 0% used [0x00000000e2c00000,0x00000000e2c00000,0x00000000e3f80000)
 ParOldGen       total 110592K, used 29683K [0x0000000080000000, 0x0000000086c00000, 0x00000000d5580000)
  object space 110592K, 26% used [0x0000000080000000,0x0000000081cfcf90,0x0000000086c00000)
 Metaspace       used 68027K, capacity 71098K, committed 71384K, reserved 1110016K
  class space    used 9353K, capacity 9937K, committed 9984K, reserved 1048576K
Event: 17.026 GC heap after
Heap after GC invocations=16 (full 3):
 PSYoungGen      total 239616K, used 19964K [0x00000000d5580000, 0x00000000e9700000, 0x0000000100000000)
  eden space 219648K, 0% used [0x00000000d5580000,0x00000000d5580000,0x00000000e2c00000)
  from space 19968K, 99% used [0x00000000e2c00000,0x00000000e3f7f2f0,0x00000000e3f80000)
  to   space 24064K, 0% used [0x00000000e7f80000,0x00000000e7f80000,0x00000000e9700000)
 ParOldGen       total 110592K, used 32306K [0x0000000080000000, 0x0000000086c00000, 0x00000000d5580000)
  object space 110592K, 29% used [0x0000000080000000,0x0000000081f8caf8,0x0000000086c00000)
 Metaspace       used 68027K, capacity 71098K, committed 71384K, reserved 1110016K
  class space    used 9353K, capacity 9937K, committed 9984K, reserved 1048576K
}
Event: 19.552 GC heap before
{Heap before GC invocations=17 (full 3):
 PSYoungGen      total 239616K, used 239612K [0x00000000d5580000, 0x00000000e9700000, 0x0000000100000000)
  eden space 219648K, 100% used [0x00000000d5580000,0x00000000e2c00000,0x00000000e2c00000)
  from space 19968K, 99% used [0x00000000e2c00000,0x00000000e3f7f2f0,0x00000000e3f80000)
  to   space 24064K, 0% used [0x00000000e7f80000,0x00000000e7f80000,0x00000000e9700000)
 ParOldGen       total 110592K, used 32306K [0x0000000080000000, 0x0000000086c00000, 0x00000000d5580000)
  object space 110592K, 29% used [0x0000000080000000,0x0000000081f8caf8,0x0000000086c00000)
 Metaspace       used 71644K, capacity 74826K, committed 75096K, reserved 1114112K
  class space    used 9745K, capacity 10339K, committed 10368K, reserved 1048576K
Event: 19.595 GC heap after
Heap after GC invocations=17 (full 3):
 PSYoungGen      total 301568K, used 23232K [0x00000000d5580000, 0x00000000e9a80000, 0x0000000100000000)
  eden space 277504K, 0% used [0x00000000d5580000,0x00000000d5580000,0x00000000e6480000)
  from space 24064K, 96% used [0x00000000e7f80000,0x00000000e9630368,0x00000000e9700000)
  to   space 27648K, 0% used [0x00000000e6480000,0x00000000e6480000,0x00000000e7f80000)
 ParOldGen       total 110592K, used 48370K [0x0000000080000000, 0x0000000086c00000, 0x00000000d5580000)
  object space 110592K, 43% used [0x0000000080000000,0x0000000082f3cb30,0x0000000086c00000)
 Metaspace       used 71644K, capacity 74826K, committed 75096K, reserved 1114112K
  class space    used 9745K, capacity 10339K, committed 10368K, reserved 1048576K
}
Event: 24.803 GC heap before
{Heap before GC invocations=18 (full 3):
 PSYoungGen      total 301568K, used 300650K [0x00000000d5580000, 0x00000000e9a80000, 0x0000000100000000)
  eden space 277504K, 99% used [0x00000000d5580000,0x00000000e646a790,0x00000000e6480000)
  from space 24064K, 96% used [0x00000000e7f80000,0x00000000e9630368,0x00000000e9700000)
  to   space 27648K, 0% used [0x00000000e6480000,0x00000000e6480000,0x00000000e7f80000)
 ParOldGen       total 110592K, used 48370K [0x0000000080000000, 0x0000000086c00000, 0x00000000d5580000)
  object space 110592K, 43% used [0x0000000080000000,0x0000000082f3cb30,0x0000000086c00000)
 Metaspace       used 82365K, capacity 87358K, committed 87512K, reserved 1124352K
  class space    used 11328K, capacity 12249K, committed 12288K, reserved 1048576K
Event: 25.057 GC heap after
Heap after GC invocations=18 (full 3):
 PSYoungGen      total 305152K, used 27618K [0x00000000d5580000, 0x00000000f0a80000, 0x0000000100000000)
  eden space 277504K, 0% used [0x00000000d5580000,0x00000000d5580000,0x00000000e6480000)
  from space 27648K, 99% used [0x00000000e6480000,0x00000000e7f788a8,0x00000000e7f80000)
  to   space 45056K, 0% used [0x00000000ede80000,0x00000000ede80000,0x00000000f0a80000)
 ParOldGen       total 110592K, used 83204K [0x0000000080000000, 0x0000000086c00000, 0x00000000d5580000)
  object space 110592K, 75% used [0x0000000080000000,0x0000000085141320,0x0000000086c00000)
 Metaspace       used 82365K, capacity 87358K, committed 87512K, reserved 1124352K
  class space    used 11328K, capacity 12249K, committed 12288K, reserved 1048576K
}
Event: 185.594 GC heap before
{Heap before GC invocations=19 (full 3):
 PSYoungGen      total 305152K, used 305122K [0x00000000d5580000, 0x00000000f0a80000, 0x0000000100000000)
  eden space 277504K, 100% used [0x00000000d5580000,0x00000000e6480000,0x00000000e6480000)
  from space 27648K, 99% used [0x00000000e6480000,0x00000000e7f788a8,0x00000000e7f80000)
  to   space 45056K, 0% used [0x00000000ede80000,0x00000000ede80000,0x00000000f0a80000)
 ParOldGen       total 110592K, used 83204K [0x0000000080000000, 0x0000000086c00000, 0x00000000d5580000)
  object space 110592K, 75% used [0x0000000080000000,0x0000000085141320,0x0000000086c00000)
 Metaspace       used 89799K, capacity 94932K, committed 95192K, reserved 1132544K
  class space    used 12065K, capacity 13010K, committed 13056K, reserved 1048576K
Event: 185.692 GC heap after
Heap after GC invocations=19 (full 3):
 PSYoungGen      total 374784K, used 19187K [0x00000000d5580000, 0x00000000efb00000, 0x0000000100000000)
  eden space 345600K, 0% used [0x00000000d5580000,0x00000000d5580000,0x00000000ea700000)
  from space 29184K, 65% used [0x00000000ede80000,0x00000000ef13cd70,0x00000000efb00000)
  to   space 43008K, 0% used [0x00000000ea700000,0x00000000ea700000,0x00000000ed100000)
 ParOldGen       total 110592K, used 101554K [0x0000000080000000, 0x0000000086c00000, 0x00000000d5580000)
  object space 110592K, 91% used [0x0000000080000000,0x000000008632c8a8,0x0000000086c00000)
 Metaspace       used 89799K, capacity 94932K, committed 95192K, reserved 1132544K
  class space    used 12065K, capacity 13010K, committed 13056K, reserved 1048576K
}
Event: 185.692 GC heap before
{Heap before GC invocations=20 (full 4):
 PSYoungGen      total 374784K, used 19187K [0x00000000d5580000, 0x00000000efb00000, 0x0000000100000000)
  eden space 345600K, 0% used [0x00000000d5580000,0x00000000d5580000,0x00000000ea700000)
  from space 29184K, 65% used [0x00000000ede80000,0x00000000ef13cd70,0x00000000efb00000)
  to   space 43008K, 0% used [0x00000000ea700000,0x00000000ea700000,0x00000000ed100000)
 ParOldGen       total 110592K, used 101554K [0x0000000080000000, 0x0000000086c00000, 0x00000000d5580000)
  object space 110592K, 91% used [0x0000000080000000,0x000000008632c8a8,0x0000000086c00000)
 Metaspace       used 89799K, capacity 94932K, committed 95192K, reserved 1132544K
  class space    used 12065K, capacity 13010K, committed 13056K, reserved 1048576K
Event: 185.947 GC heap after
Heap after GC invocations=20 (full 4):
 PSYoungGen      total 374784K, used 0K [0x00000000d5580000, 0x00000000efb00000, 0x0000000100000000)
  eden space 345600K, 0% used [0x00000000d5580000,0x00000000d5580000,0x00000000ea700000)
  from space 29184K, 0% used [0x00000000ede80000,0x00000000ede80000,0x00000000efb00000)
  to   space 43008K, 0% used [0x00000000ea700000,0x00000000ea700000,0x00000000ed100000)
 ParOldGen       total 185344K, used 65641K [0x0000000080000000, 0x000000008b500000, 0x00000000d5580000)
  object space 185344K, 35% used [0x0000000080000000,0x000000008401a750,0x000000008b500000)
 Metaspace       used 89229K, capacity 93542K, committed 95192K, reserved 1132544K
  class space    used 11865K, capacity 12655K, committed 13056K, reserved 1048576K
}

